C:\MinGW\bin\mingw32-make.exe all --print-data-base --no-builtin-variables --no-builtin-rules --question
# GNU Make 3.82.90
# Built for i686-pc-mingw32
# Copyright (C) 1988-2012 Free Software Foundation, Inc.
# License GPLv3+: GNU GPL version 3 or later <http://gnu.org/licenses/gpl.html>
# This is free software: you are free to change and redistribute it.
# There is NO WARRANTY, to the extent permitted by law.
 

# Make data base, printed on Sat Jul 09 16:25:23 2022

# Variables

# automatic
<D = $(patsubst %/,%,$(patsubst %\,%,$(dir $<)))
# automatic
?F = $(notdir $?)
# environment
WSLENV = WT_SESSION::WT_PROFILE_ID
# default
.SHELLFLAGS := -c
# makefile
MAKEFLAGS = Rrqp
# automatic
?D = $(patsubst %/,%,$(patsubst %\,%,$(dir $?)))
# automatic
@D = $(patsubst %/,%,$(patsubst %\,%,$(dir $@)))
# environment
HOMEDRIVE = C:
# automatic
@F = $(notdir $@)
# automatic
^D = $(patsubst %/,%,$(patsubst %\,%,$(dir $^)))
# mak 
efile
CURDIR := c:/Users/Jamie/documents/Pikuma 3D graphics/3DRenderer
# default
SHELL := sh.exe
# environment
WINDIR = C:\Windows
# environment
VSCODE_NLS_CONFIG = {"locale":"en-gb","availableLanguages":{},"_languagePackSupport":true}
# environment
ONEDRIVE = C:\Users\Jamie\OneDrive
# environment
PATHEXT = .COM;.EXE;.BAT;.CMD;.VBS;.VBE;.JS;.JSE;.WSF;.WSH;.MSC;.CPL
# makefile (from 'Makefile', line 1)
MAKEFILE_LIST :=  Makefile
# environment
TMP = C:\Users\Jamie\AppData\Local\Temp
# environment
PROGRAMW6432 = C:\Program Files
# environment
PROGRAMDATA = C:\ProgramData
# environment
VSCODE_CWD = C:\Users\Jamie\documents\Pikuma 3D graphics\3DRenderer
# environment
PATH = C:\Windows\system32;C:\Windows;C:\Windows\System32\Wbem;C:\Windows\System32\WindowsPowerShell\v1.0\;C:\Windows\System32\OpenSSH\;C:\Program Files\NVIDIA Corporation\NVIDIA NvDLISR;C:\Program Files (x86)\NVIDIA Corporation\PhysX\Common;C:\Program Files\dotnet\;C:\Program Files\Git\cmd;C:\TDM-GCC-64\bin;C:\Users\Jamie\AppData\Local\Microsoft\WindowsApps;C:\Users\Jamie\AppData\Local\Programs\Microsoft VS Code\bin;C:\Users\Jamie\.dotnet\tools;C:\MinGW\bin;C:\Program Files\CMake\bin\cmake.exe
# environment
COMMONPROGRAMW6432 = C:\Program Files\Common Files
# environment
LC_ALL = C
# environment
PROCESSOR_ARCHITECTURE = x86
# environment
USERPROFILE = C:\Users\Jamie
# environment
ALLUSERSPROFILE = C:\ProgramData
# environment
NUMBER_OF_PROCESSORS = 16
# environment
ELECTRON_RUN_AS_NODE = 1
# default
.FEATURES := target-specific order-only second-expansion else-if shortest-stem undefine oneshell archives jobserver
# automatic
%F = $(notdir $%)
# environment
CHROME_CRASHPAD_PIPE_NAME = \\.\pipe\crashpad_18496_ZMXXBXLJSKDTLGBF
# environment
COMPUTERNAME = BERTHA
# environment
PROGRAMFILES = C:\Program Files (x86)
# environment
DRIVERDATA = C:\Windows\System32\Drivers\DriverData
# environment
ORIGINAL_XDG_CURRENT_DESKTOP = undefined
# environment
WT_SESSION = bc2310a8-5614-411a-8f75-e79334c78974
# environment
USERNAME = Jamie
# environment
PUBLIC = C:\Users\Public
# environment
VSCODE_AMD_ENTRYPOINT = vs/workbench/api/node/extensionHostProcess
# environment
VSCODE_CLI = 1
# environment
VSCODE_CODE_CACHE_PATH = C:\Users\Jamie\AppData\Roaming\Code\CachedData\92d25e35d9bf1a6b16f7d0758f25d48ace11e5b9
# environment
APPLICATION_INSIGHTS_NO_DIAGNOSTIC_CHANNEL = 1
# environment
COMMONPROGRAMFILES = C:\Program Files (x86)\Common Files
# environment
LOGONSERVER = \\BERTHA
# environment
ONEDRIVECONSUMER = C:\Users\Jamie\OneDrive
# environment
VSCODE_HANDLES_UNCAUGHT_ERRORS = true
# environment
USERDOMAIN = BERTHA
# environment
MAKELEVEL := 0
# default
MAKE = $(MAKE_COMMAND)
# default
MAKECMDGOALS := all
# default
MAKE_VERSION := 3.82.90
# makefile
.DEFAULT_GOAL := build
# environment
PROGRAMFILES(X86) = C:\Program Files (x86)
# automatic
%D = $(patsubst %/,%,$(patsubst %\,%,$(dir $%)))
# environment
LOCALAPPDATA = C:\Users\Jamie\AppData\Local
# environment
PSMODULEPATH = C:\Users\Jamie\OneDrive\Documents\WindowsPowerShell\Modules;C:\Program Files\WindowsPowerShell\Modules;C:\Windows\system32\WindowsPowerShell\v1.0\Modules
# default
MAKE_COMMAND := C:/MinGW/bin/mingw32-make
# environment
PROCESSOR_ARCHITEW6432 = AMD64
# default
.VARIABLES := 
# automatic
*F = $(notdir $*)
# environment
PROCESSOR_IDENTIFIER = AMD64 Family 25 Model 33 Stepping 0, AuthenticAMD
# environment
OS = Windows_NT
# environment
VSCODE_IPC_HOOK = \\.\pipe\79b34fe0c5de0089952adce1bb9656b6-1.69.0-main-sock
# environment
HOMEPATH = \Users\Jamie
# environment
COMMONPROGRAMFILES(X86) = C:\Program Files (x86)\Common Files
# environment
PROMPT = $P$G
# environment
MFLAGS = -Rrqp
# automatic
*D = $(patsubst %/,%,$(patsubst %\,%,$(dir $*)))
# environment
SYSTEMROOT = C:\Windows
# automatic
+D = $(patsubst %/,%,$(patsubst %\,%,$(dir $+)))
# automatic
+F = $(notdir $+)
# environment
APPDATA = C:\Users\Jamie\AppData\Roaming
# environment
TEMP = C:\Users\Jamie\AppData\Local\Temp
# environment
WT_PROFILE_ID = {61c54bbd-c2c6-5271-96e7-009a87ff44bf}
# environment
COMSPEC = C:\Windows\system32\cmd.exe
# default
MAKEFILES := 
# automatic
<F = $(notdir $<)
# environment
ELECTRON_NO_ATTACH_CONSOLE = 1
# automatic
^F = $(notdir $^)
# default
SUFFIXES := 
# environment
SYSTEMDRIVE = C:
# environment
PROCESSOR_REVISION = 2100
# default
.INCLUDE_DIRS = C:/MinGW/include
# default
.RECIPEPREFIX := 
# environment
LANG = C
# environment
PROCESSOR_LEVEL = 25
# environment
VSCODE_PID = 18496
# environment
USERDOMAIN_ROAMINGPROFILE = BERTHA
# variable set hash-table stats:
# Load=89/1024=9%, Rehash=0, Collisions=13/108=12%

# Pattern-specific Variable Values

# No pattern-specific variable values.

# Directories

# C:\Program Files\NVIDIA Corporation\NVIDIA NvDLISR (key C:/Program Files/NVIDIA Corporation/NVIDIA NvDLISR, mtime 1638470354): 5 files, no impossibilities.
# C:\Windows\System32\WindowsPowerShell\v1.0\ (key C:/Windows/System32/WindowsPowerShell/v1.0/, mtime 1622898672): 30 files, no impossibilities.
# . (key c:/Users/Jamie/documents/Pikuma 3D graphics/3DRenderer, mtime 1657380320): 6 files, no impossibilities.
# C:\Program Files\ 
CMake\bin\cmake.exe: could not be stat'd.
# C:\TDM-GCC-64\bin (key C:/TDM-GCC-64/bin, mtime 1657366661): 61 files, no impossibilities.
# C:\Program Files\Git\cmd (key C:/Program Files/Git/cmd, mtime 1656164868): 8 files, no impossibilities.
# C:\Windows\System32\OpenSSH\: could not be stat'd.
# C:\MinGW\bin (key C:/MinGW/bin, mtime 1657377952): 54 files, no impossibilities.
# C:\Program Files (x86)\NVIDIA Corporation\PhysX\Common (key C:/Program Files (x86)/NVIDIA Corporation/PhysX/Common, mtime 1638472128): 10 files, no impossibilities.
# C:\Windows (key C:/Windows, mtime 1655330202): 115 files, no impossibilities.
# C:\Users\Jamie\AppData\Local\Microsoft\WindowsApps (key C:/Users/Jamie/AppData/Local/Microsoft/WindowsApps, mtime 1657111038): 29 files, no impossibilities.
# C:\Windows\System32\Wbem (key C:/Windows/System32/Wbem, mtime 1652568663): 155 files, no impossibilities.
# C:\Users\Jamie\AppData\Local\Programs\Microsoft VS Code\bin (key C:/Users/Jamie/AppData/Local/Programs/Microsoft VS Code/bin, mtime 1657367080): 4 files, no impossibilities.
# C:\Program Files\dotnet\ (key C:/Program Files/dotnet/, mtime 1638475084): 10 files, no impossibilities.
# C:\Users\Jamie\.dotnet\tools: could not be stat'd.
# C:\Windows\system32 (key C:/Windows/system32, mtime 1657378616): 3034 files, no impossibilities.

# 3521 files, no impossibilities in 16 directories.

# Implicit Rules

# No implicit rules.

# Files

# Not a target:
all:
#  Command line target.
#  Implicit rule search has been done.
#  File does not exist.
#  File has not been updated.

# Not a target:
.SUFFIXES:
#  Implicit rule search has not been done.
#  Modification time never checked.
#  File has not been updated.

# Not a target:
Makefile:
#  Implicit rule search has been done.
#  Last modified 2022-07-09 16:25:17
#  File has been updated.
#  Successfully updated.

build:
#  Implicit rule search has not been done.
#  Modification time never checked.
#  File has not been updated.
#  recipe to execute (from 'Makefile', line 2):
	gcc -o renderer -Wall -std=c99 ./src/*.c -IC:/SDL2/include -LC:/SDL2/lib/x64

# Not a target:
.DEFAULT:
#  Implicit rule search has not been done.
#  Modification time never checked.
#  File has not been updated.

# files hash-table stats:
# Load=5/1024=0%, Rehash=0, Collisions=0/15=0%
# VPATH Search Paths

# No 'vpath' search paths.

# No general ('VPATH' variable) search path.

# strcache buffers: 7 (5) / strings = 3463 / storage = 52223 B / avg = 15 B
# current buf: size = 8174 B / used = 3241 B / count = 178 / avg = 18 B
# oth 
mingw32-make: *** No rule to make target 'all'.  Stop.

er used: total = 44049 B / count = 3285 / avg = 13 B
# other free: total = 62 B / max = 15 B / min = 6 B / avg = 10 B

# strcache performance: lookups = 3545 / hit rate = 2%
# hash-table stats:
# Load=3463/8192=42%, Rehash=0, Collisions=1190/3545=34%
# Finished Make data base on Sat Jul 09 16:25:23 2022

 
